<?xml version="1.0" encoding="UTF-8"?>
<!-- Generated by org.testng.reporters.JUnitXMLReporter -->
<testsuite ignored="0" hostname="DESKTOP-8MDILRI" failures="0" tests="2" name="Logiin page test in Chrome browser" time="0.095" errors="0" timestamp="2021-03-09T16:50:06 IST">
  <testcase classname="com.vega.pages.BaseTest" name="@BeforeSuite setUp" time="0.388">
    <failure type="java.lang.NoClassDefFoundError" message="org/apache/poi/ss/usermodel/Chart">
      <![CDATA[java.lang.NoClassDefFoundError: org/apache/poi/ss/usermodel/Chart
at java.base/java.lang.ClassLoader.defineClass1(Native Method)
at java.base/java.lang.ClassLoader.defineClass(ClassLoader.java:1016)
at java.base/java.security.SecureClassLoader.defineClass(SecureClassLoader.java:174)
at java.base/jdk.internal.loader.BuiltinClassLoader.defineClass(BuiltinClassLoader.java:800)
at java.base/jdk.internal.loader.BuiltinClassLoader.findClassOnClassPathOrNull(BuiltinClassLoader.java:698)
at java.base/jdk.internal.loader.BuiltinClassLoader.loadClassOrNull(BuiltinClassLoader.java:621)
at java.base/jdk.internal.loader.BuiltinClassLoader.loadClass(BuiltinClassLoader.java:579)
at java.base/jdk.internal.loader.ClassLoaders$AppClassLoader.loadClass(ClassLoaders.java:178)
at java.base/java.lang.ClassLoader.loadClass(ClassLoader.java:521)
at org.apache.poi.xssf.usermodel.XSSFRelation.<clinit>(XSSFRelation.java:128)
at org.apache.poi.xssf.usermodel.XSSFWorkbook.beforeDocumentRead(XSSFWorkbook.java:350)
at org.apache.poi.xssf.usermodel.XSSFWorkbook.<init>(XSSFWorkbook.java:279)
at org.apache.poi.xssf.usermodel.XSSFWorkbook.<init>(XSSFWorkbook.java:303)
at com.vega.utility.ExcelDataProvider.<init>(ExcelDataProvider.java:20)
at com.vega.pages.BaseTest.setUp(BaseTest.java:27)
Caused by: java.lang.ClassNotFoundException: org.apache.poi.ss.usermodel.Chart
at java.base/jdk.internal.loader.BuiltinClassLoader.loadClass(BuiltinClassLoader.java:581)
at java.base/jdk.internal.loader.ClassLoaders$AppClassLoader.loadClass(ClassLoaders.java:178)
at java.base/java.lang.ClassLoader.loadClass(ClassLoader.java:521)
... 34 more
... Removed 19 stack frames]]>
    </failure>
  </testcase> <!-- @BeforeSuite setUp -->
  <testcase classname="com.vega.pages.BaseTest" name="@BeforeClass BrowserStart" time="-1.615288806317E9">
    <skipped/>
  </testcase> <!-- @BeforeClass BrowserStart -->
  <testcase classname="com.vega.pages.BaseTest" name="@AfterMethod screenOnSuccess" time="-1.615288806359E9">
    <skipped/>
  </testcase> <!-- @AfterMethod screenOnSuccess -->
  <testcase classname="com.vega.pages.BaseTest" name="@AfterMethod screenOnSuccess" time="-1.615288806363E9">
    <skipped/>
  </testcase> <!-- @AfterMethod screenOnSuccess -->
  <testcase classname="com.vega.pages.BaseTest" name="@AfterMethod tearDownMethod" time="-1.615288806365E9">
    <skipped/>
  </testcase> <!-- @AfterMethod tearDownMethod -->
  <testcase classname="com.vega.pages.BaseTest" name="@AfterMethod tearDownMethod" time="-1.615288806367E9">
    <skipped/>
  </testcase> <!-- @AfterMethod tearDownMethod -->
  <testcase classname="com.vega.testcases.LoginTest" name="verifyLoginTitle" time="0.0">
    <skipped/>
  </testcase> <!-- verifyLoginTitle -->
  <testcase classname="com.vega.testcases.LoginTest" name="appLogin" time="0.0">
    <skipped/>
  </testcase> <!-- appLogin -->
</testsuite> <!-- Logiin page test in Chrome browser -->
