<?xml version="1.0" encoding="UTF-8"?>
<!-- Generated by org.testng.reporters.JUnitXMLReporter -->
<testsuite ignored="0" hostname="DESKTOP-8MDILRI" failures="1" tests="6" name="Google test in Chrome browser" time="5.338" errors="0" timestamp="2021-04-09T01:18:13 IST">
  <testcase classname="com.vega.testcases.SearchEngineTest" name="verifySeachEngineTitle" time="0.103"/>
  <testcase classname="com.vega.testcases.SearchEngineTest" name="verifySeachEngineIcon" time="0.377"/>
  <testcase classname="com.vega.testcases.SearchEngineTest" name="search_KeyWord" time="0.0">
    <skipped/>
  </testcase> <!-- search_KeyWord -->
  <testcase classname="com.vega.testcases.SearchEngineTest" name="search_KeyWord" time="0.0">
    <skipped/>
  </testcase> <!-- search_KeyWord -->
  <testcase classname="com.vega.testcases.SearchEngineTest" name="search_KeyWord" time="0.0">
    <skipped/>
  </testcase> <!-- search_KeyWord -->
  <testcase classname="com.vega.testcases.SearchEngineTest" name="search_KeyWord" time="0.0">
    <failure type="java.lang.NullPointerException">
      <![CDATA[java.lang.NullPointerException
at com.vega.testcases.SearchEngineTest.search_KeyWord(SearchEngineTest.java:53)
at java.base/jdk.internal.reflect.NativeMethodAccessorImpl.invoke0(Native Method)
at java.base/jdk.internal.reflect.NativeMethodAccessorImpl.invoke(NativeMethodAccessorImpl.java:62)
at java.base/jdk.internal.reflect.DelegatingMethodAccessorImpl.invoke(DelegatingMethodAccessorImpl.java:43)
at java.base/java.lang.reflect.Method.invoke(Method.java:566)
at org.testng.internal.MethodInvocationHelper.invokeMethod(MethodInvocationHelper.java:132)
at org.testng.internal.TestInvoker.invokeMethod(TestInvoker.java:599)
at org.testng.internal.TestInvoker.retryFailed(TestInvoker.java:214)
at org.testng.internal.MethodRunner.runInSequence(MethodRunner.java:58)
at org.testng.internal.TestInvoker$MethodInvocationAgent.invoke(TestInvoker.java:822)
at org.testng.internal.TestInvoker.invokeTestMethods(TestInvoker.java:147)
at org.testng.internal.TestMethodWorker.invokeTestMethods(TestMethodWorker.java:146)
at org.testng.internal.TestMethodWorker.run(TestMethodWorker.java:128)
at java.base/java.util.concurrent.ThreadPoolExecutor.runWorker(ThreadPoolExecutor.java:1128)
at java.base/java.util.concurrent.ThreadPoolExecutor$Worker.run(ThreadPoolExecutor.java:628)
at java.base/java.lang.Thread.run(Thread.java:834)
]]>
    </failure>
  </testcase> <!-- search_KeyWord -->
</testsuite> <!-- Google test in Chrome browser -->
