<?xml version="1.0" encoding="UTF-8"?>
<!-- Generated by org.testng.reporters.JUnitXMLReporter -->
<testsuite ignored="0" hostname="DESKTOP-8MDILRI" failures="0" tests="3" name="Google test in Firefox browser" time="9.677" errors="0" timestamp="2021-04-09T01:18:23 IST">
  <testcase classname="com.vega.testcases.SearchEngineTest" name="verifySeachEngineTitle" time="0.05"/>
  <testcase classname="com.vega.testcases.SearchEngineTest" name="verifySeachEngineIcon" time="0.273"/>
  <testcase classname="com.vega.testcases.SearchEngineTest" name="search_KeyWord" time="1.193"/>
</testsuite> <!-- Google test in Firefox browser -->
